\BOOKMARK [1][-]{section.1}{Product presentation}{}% 1
\BOOKMARK [2][-]{subsection.1.1}{What is LIA ?}{section.1}% 2
\BOOKMARK [2][-]{subsection.1.2}{Goal and objective}{section.1}% 3
\BOOKMARK [2][-]{subsection.1.3}{Logo designs}{section.1}% 4
\BOOKMARK [1][-]{section.2}{Business definition}{}% 5
\BOOKMARK [2][-]{subsection.2.1}{Targets and beneficiaries}{section.2}% 6
\BOOKMARK [3][-]{subsubsection.2.1.1}{Users}{subsection.2.1}% 7
\BOOKMARK [3][-]{subsubsection.2.1.2}{Purchasers}{subsection.2.1}% 8
\BOOKMARK [2][-]{subsection.2.2}{Potential partners}{section.2}% 9
\BOOKMARK [2][-]{subsection.2.3}{Potential suppliers}{section.2}% 10
\BOOKMARK [2][-]{subsection.2.4}{Potential technologies}{section.2}% 11
\BOOKMARK [3][-]{subsubsection.2.4.1}{Messenger Chatbot}{subsection.2.4}% 12
\BOOKMARK [3][-]{subsubsection.2.4.2}{Create a chatbot by yourself}{subsection.2.4}% 13
\BOOKMARK [2][-]{subsection.2.5}{Juridical and environmental constraints}{section.2}% 14
\BOOKMARK [3][-]{subsubsection.2.5.1}{Legal constraints}{subsection.2.5}% 15
\BOOKMARK [3][-]{subsubsection.2.5.2}{Other constraints}{subsection.2.5}% 16
\BOOKMARK [2][-]{subsection.2.6}{Direct and indirect competitors}{section.2}% 17
\BOOKMARK [2][-]{subsection.2.7}{Best and worst practices}{section.2}% 18
\BOOKMARK [2][-]{subsection.2.8}{Innovative and differentiation aspects}{section.2}% 19
\BOOKMARK [2][-]{subsection.2.9}{Potential revenues}{section.2}% 20
